  main.cpp
C:\Users\Chawapon\source\repos\CrossRoad\CrossRoad\main.cpp(62,12): warning C4244: 'argument': conversion from 'time_t' to 'unsigned int', possible loss of data
C:\Users\Chawapon\source\repos\CrossRoad\CrossRoad\main.cpp(68,49): warning C4244: 'argument': conversion from 'T' to 'T', possible loss of data
          with
          [
              T=int
          ]
          and
          [
              T=float
          ]
C:\Users\Chawapon\source\repos\CrossRoad\CrossRoad\main.cpp(68,39): warning C4244: 'argument': conversion from 'T' to 'T', possible loss of data
          with
          [
              T=int
          ]
          and
          [
              T=float
          ]
C:\Users\Chawapon\source\repos\CrossRoad\CrossRoad\main.cpp(147,50): warning C4244: 'argument': conversion from 'float' to 'T', possible loss of data
          with
          [
              T=int
          ]
C:\Users\Chawapon\source\repos\CrossRoad\CrossRoad\main.cpp(147,41): warning C4244: 'argument': conversion from 'float' to 'T', possible loss of data
          with
          [
              T=int
          ]
C:\Users\Chawapon\source\repos\CrossRoad\CrossRoad\main.cpp(159,61): warning C4244: 'argument': conversion from 'float' to 'T', possible loss of data
          with
          [
              T=int
          ]
C:\Users\Chawapon\source\repos\CrossRoad\CrossRoad\main.cpp(159,55): warning C4244: 'argument': conversion from 'float' to 'T', possible loss of data
          with
          [
              T=int
          ]
C:\Users\Chawapon\source\repos\CrossRoad\CrossRoad\main.cpp(159,49): warning C4244: 'argument': conversion from 'float' to 'T', possible loss of data
          with
          [
              T=int
          ]
C:\Users\Chawapon\source\repos\CrossRoad\CrossRoad\main.cpp(159,43): warning C4244: 'argument': conversion from 'float' to 'T', possible loss of data
          with
          [
              T=int
          ]
C:\Users\Chawapon\source\repos\CrossRoad\CrossRoad\main.cpp(254,69): warning C4244: 'argument': conversion from 'float' to 'T', possible loss of data
          with
          [
              T=int
          ]
C:\Users\Chawapon\source\repos\CrossRoad\CrossRoad\main.cpp(254,62): warning C4244: 'argument': conversion from 'float' to 'T', possible loss of data
          with
          [
              T=int
          ]
C:\Users\Chawapon\source\repos\CrossRoad\CrossRoad\main.cpp(254,56): warning C4244: 'argument': conversion from 'float' to 'T', possible loss of data
          with
          [
              T=int
          ]
C:\Users\Chawapon\source\repos\CrossRoad\CrossRoad\main.cpp(254,50): warning C4244: 'argument': conversion from 'float' to 'T', possible loss of data
          with
          [
              T=int
          ]
C:\Users\Chawapon\source\repos\CrossRoad\CrossRoad\main.cpp(262,57): warning C4244: 'argument': conversion from 'float' to 'T', possible loss of data
          with
          [
              T=int
          ]
C:\Users\Chawapon\source\repos\CrossRoad\CrossRoad\main.cpp(262,50): warning C4244: 'argument': conversion from 'float' to 'T', possible loss of data
          with
          [
              T=int
          ]
C:\Users\Chawapon\source\repos\CrossRoad\CrossRoad\main.cpp(262,44): warning C4244: 'argument': conversion from 'float' to 'T', possible loss of data
          with
          [
              T=int
          ]
C:\Users\Chawapon\source\repos\CrossRoad\CrossRoad\main.cpp(262,38): warning C4244: 'argument': conversion from 'float' to 'T', possible loss of data
          with
          [
              T=int
          ]
C:\Users\Chawapon\source\repos\CrossRoad\CrossRoad\main.cpp(270,56): warning C4244: 'argument': conversion from 'float' to 'T', possible loss of data
          with
          [
              T=int
          ]
C:\Users\Chawapon\source\repos\CrossRoad\CrossRoad\main.cpp(270,49): warning C4244: 'argument': conversion from 'float' to 'T', possible loss of data
          with
          [
              T=int
          ]
C:\Users\Chawapon\source\repos\CrossRoad\CrossRoad\main.cpp(270,43): warning C4244: 'argument': conversion from 'float' to 'T', possible loss of data
          with
          [
              T=int
          ]
C:\Users\Chawapon\source\repos\CrossRoad\CrossRoad\main.cpp(270,37): warning C4244: 'argument': conversion from 'float' to 'T', possible loss of data
          with
          [
              T=int
          ]
C:\Users\Chawapon\source\repos\CrossRoad\CrossRoad\main.cpp(278,56): warning C4244: 'argument': conversion from 'float' to 'T', possible loss of data
          with
          [
              T=int
          ]
C:\Users\Chawapon\source\repos\CrossRoad\CrossRoad\main.cpp(278,49): warning C4244: 'argument': conversion from 'float' to 'T', possible loss of data
          with
          [
              T=int
          ]
C:\Users\Chawapon\source\repos\CrossRoad\CrossRoad\main.cpp(278,43): warning C4244: 'argument': conversion from 'float' to 'T', possible loss of data
          with
          [
              T=int
          ]
C:\Users\Chawapon\source\repos\CrossRoad\CrossRoad\main.cpp(278,37): warning C4244: 'argument': conversion from 'float' to 'T', possible loss of data
          with
          [
              T=int
          ]
C:\Users\Chawapon\source\repos\CrossRoad\CrossRoad\main.cpp(286,58): warning C4244: 'argument': conversion from 'float' to 'T', possible loss of data
          with
          [
              T=int
          ]
C:\Users\Chawapon\source\repos\CrossRoad\CrossRoad\main.cpp(286,51): warning C4244: 'argument': conversion from 'float' to 'T', possible loss of data
          with
          [
              T=int
          ]
C:\Users\Chawapon\source\repos\CrossRoad\CrossRoad\main.cpp(286,45): warning C4244: 'argument': conversion from 'float' to 'T', possible loss of data
          with
          [
              T=int
          ]
C:\Users\Chawapon\source\repos\CrossRoad\CrossRoad\main.cpp(286,39): warning C4244: 'argument': conversion from 'float' to 'T', possible loss of data
          with
          [
              T=int
          ]
C:\Users\Chawapon\source\repos\CrossRoad\CrossRoad\main.cpp(294,56): warning C4244: 'argument': conversion from 'float' to 'T', possible loss of data
          with
          [
              T=int
          ]
C:\Users\Chawapon\source\repos\CrossRoad\CrossRoad\main.cpp(294,49): warning C4244: 'argument': conversion from 'float' to 'T', possible loss of data
          with
          [
              T=int
          ]
C:\Users\Chawapon\source\repos\CrossRoad\CrossRoad\main.cpp(294,43): warning C4244: 'argument': conversion from 'float' to 'T', possible loss of data
          with
          [
              T=int
          ]
C:\Users\Chawapon\source\repos\CrossRoad\CrossRoad\main.cpp(294,37): warning C4244: 'argument': conversion from 'float' to 'T', possible loss of data
          with
          [
              T=int
          ]
C:\Users\Chawapon\source\repos\CrossRoad\CrossRoad\main.cpp(302,58): warning C4244: 'argument': conversion from 'float' to 'T', possible loss of data
          with
          [
              T=int
          ]
C:\Users\Chawapon\source\repos\CrossRoad\CrossRoad\main.cpp(302,51): warning C4244: 'argument': conversion from 'float' to 'T', possible loss of data
          with
          [
              T=int
          ]
C:\Users\Chawapon\source\repos\CrossRoad\CrossRoad\main.cpp(302,45): warning C4244: 'argument': conversion from 'float' to 'T', possible loss of data
          with
          [
              T=int
          ]
C:\Users\Chawapon\source\repos\CrossRoad\CrossRoad\main.cpp(302,39): warning C4244: 'argument': conversion from 'float' to 'T', possible loss of data
          with
          [
              T=int
          ]
C:\Users\Chawapon\source\repos\CrossRoad\CrossRoad\main.cpp(310,57): warning C4244: 'argument': conversion from 'float' to 'T', possible loss of data
          with
          [
              T=int
          ]
C:\Users\Chawapon\source\repos\CrossRoad\CrossRoad\main.cpp(310,50): warning C4244: 'argument': conversion from 'float' to 'T', possible loss of data
          with
          [
              T=int
          ]
C:\Users\Chawapon\source\repos\CrossRoad\CrossRoad\main.cpp(310,44): warning C4244: 'argument': conversion from 'float' to 'T', possible loss of data
          with
          [
              T=int
          ]
C:\Users\Chawapon\source\repos\CrossRoad\CrossRoad\main.cpp(310,38): warning C4244: 'argument': conversion from 'float' to 'T', possible loss of data
          with
          [
              T=int
          ]
C:\Users\Chawapon\source\repos\CrossRoad\CrossRoad\main.cpp(318,62): warning C4244: 'argument': conversion from 'float' to 'T', possible loss of data
          with
          [
              T=int
          ]
C:\Users\Chawapon\source\repos\CrossRoad\CrossRoad\main.cpp(318,55): warning C4244: 'argument': conversion from 'float' to 'T', possible loss of data
          with
          [
              T=int
          ]
C:\Users\Chawapon\source\repos\CrossRoad\CrossRoad\main.cpp(318,49): warning C4244: 'argument': conversion from 'float' to 'T', possible loss of data
          with
          [
              T=int
          ]
C:\Users\Chawapon\source\repos\CrossRoad\CrossRoad\main.cpp(318,43): warning C4244: 'argument': conversion from 'float' to 'T', possible loss of data
          with
          [
              T=int
          ]
C:\Users\Chawapon\source\repos\CrossRoad\CrossRoad\main.cpp(326,61): warning C4244: 'argument': conversion from 'float' to 'T', possible loss of data
          with
          [
              T=int
          ]
C:\Users\Chawapon\source\repos\CrossRoad\CrossRoad\main.cpp(326,54): warning C4244: 'argument': conversion from 'float' to 'T', possible loss of data
          with
          [
              T=int
          ]
C:\Users\Chawapon\source\repos\CrossRoad\CrossRoad\main.cpp(326,48): warning C4244: 'argument': conversion from 'float' to 'T', possible loss of data
          with
          [
              T=int
          ]
C:\Users\Chawapon\source\repos\CrossRoad\CrossRoad\main.cpp(326,42): warning C4244: 'argument': conversion from 'float' to 'T', possible loss of data
          with
          [
              T=int
          ]
C:\Users\Chawapon\source\repos\CrossRoad\CrossRoad\main.cpp(334,57): warning C4244: 'argument': conversion from 'float' to 'T', possible loss of data
          with
          [
              T=int
          ]
C:\Users\Chawapon\source\repos\CrossRoad\CrossRoad\main.cpp(334,50): warning C4244: 'argument': conversion from 'float' to 'T', possible loss of data
          with
          [
              T=int
          ]
C:\Users\Chawapon\source\repos\CrossRoad\CrossRoad\main.cpp(334,44): warning C4244: 'argument': conversion from 'float' to 'T', possible loss of data
          with
          [
              T=int
          ]
C:\Users\Chawapon\source\repos\CrossRoad\CrossRoad\main.cpp(334,38): warning C4244: 'argument': conversion from 'float' to 'T', possible loss of data
          with
          [
              T=int
          ]
C:\Users\Chawapon\source\repos\CrossRoad\CrossRoad\main.cpp(342,55): warning C4244: 'argument': conversion from 'float' to 'T', possible loss of data
          with
          [
              T=int
          ]
C:\Users\Chawapon\source\repos\CrossRoad\CrossRoad\main.cpp(342,48): warning C4244: 'argument': conversion from 'float' to 'T', possible loss of data
          with
          [
              T=int
          ]
C:\Users\Chawapon\source\repos\CrossRoad\CrossRoad\main.cpp(342,42): warning C4244: 'argument': conversion from 'float' to 'T', possible loss of data
          with
          [
              T=int
          ]
C:\Users\Chawapon\source\repos\CrossRoad\CrossRoad\main.cpp(342,36): warning C4244: 'argument': conversion from 'float' to 'T', possible loss of data
          with
          [
              T=int
          ]
C:\Users\Chawapon\source\repos\CrossRoad\CrossRoad\main.cpp(350,46): warning C4244: 'argument': conversion from 'int' to 'float', possible loss of data
C:\Users\Chawapon\source\repos\CrossRoad\CrossRoad\main.cpp(350,31): warning C4244: 'argument': conversion from 'int' to 'float', possible loss of data
C:\Users\Chawapon\source\repos\CrossRoad\CrossRoad\main.cpp(355,26): warning C4244: '=': conversion from 'int' to 'T', possible loss of data
          with
          [
              T=float
          ]
C:\Users\Chawapon\source\repos\CrossRoad\CrossRoad\main.cpp(356,26): warning C4244: '=': conversion from 'int' to 'T', possible loss of data
          with
          [
              T=float
          ]
C:\Users\Chawapon\source\repos\CrossRoad\CrossRoad\main.cpp(367,26): warning C4244: '=': conversion from 'int' to 'T', possible loss of data
          with
          [
              T=float
          ]
C:\Users\Chawapon\source\repos\CrossRoad\CrossRoad\main.cpp(370,27): warning C4244: '=': conversion from 'int' to 'T', possible loss of data
          with
          [
              T=float
          ]
C:\Users\Chawapon\source\repos\CrossRoad\CrossRoad\main.cpp(384,45): warning C4244: 'argument': conversion from 'float' to 'T', possible loss of data
          with
          [
              T=int
          ]
C:\Users\Chawapon\source\repos\CrossRoad\CrossRoad\main.cpp(389,26): warning C4244: '=': conversion from 'int' to 'T', possible loss of data
          with
          [
              T=float
          ]
C:\Users\Chawapon\source\repos\CrossRoad\CrossRoad\main.cpp(392,27): warning C4244: '=': conversion from 'int' to 'T', possible loss of data
          with
          [
              T=float
          ]
C:\Users\Chawapon\source\repos\CrossRoad\CrossRoad\main.cpp(472,30): warning C4244: '=': conversion from 'int' to 'T', possible loss of data
          with
          [
              T=float
          ]
C:\Users\Chawapon\source\repos\CrossRoad\CrossRoad\main.cpp(481,30): warning C4244: '=': conversion from 'int' to 'T', possible loss of data
          with
          [
              T=float
          ]
C:\Users\Chawapon\source\repos\CrossRoad\CrossRoad\main.cpp(500,30): warning C4244: '=': conversion from 'int' to 'T', possible loss of data
          with
          [
              T=float
          ]
C:\Users\Chawapon\source\repos\CrossRoad\CrossRoad\main.cpp(509,30): warning C4244: '=': conversion from 'int' to 'T', possible loss of data
          with
          [
              T=float
          ]
C:\Users\Chawapon\source\repos\CrossRoad\CrossRoad\main.cpp(525,30): warning C4244: '=': conversion from 'int' to 'T', possible loss of data
          with
          [
              T=float
          ]
C:\Users\Chawapon\source\repos\CrossRoad\CrossRoad\main.cpp(534,30): warning C4244: '=': conversion from 'int' to 'T', possible loss of data
          with
          [
              T=float
          ]
C:\Users\Chawapon\source\repos\CrossRoad\CrossRoad\main.cpp(553,30): warning C4244: '=': conversion from 'int' to 'T', possible loss of data
          with
          [
              T=float
          ]
C:\Users\Chawapon\source\repos\CrossRoad\CrossRoad\main.cpp(562,30): warning C4244: '=': conversion from 'int' to 'T', possible loss of data
          with
          [
              T=float
          ]
C:\Users\Chawapon\source\repos\CrossRoad\CrossRoad\main.cpp(642,27): warning C4244: '=': conversion from 'int' to 'T', possible loss of data
          with
          [
              T=float
          ]
C:\Users\Chawapon\source\repos\CrossRoad\CrossRoad\main.cpp(678,27): warning C4244: '=': conversion from 'int' to 'T', possible loss of data
          with
          [
              T=float
          ]
C:\Users\Chawapon\source\repos\CrossRoad\CrossRoad\main.cpp(723,31): warning C4244: '=': conversion from 'int' to 'T', possible loss of data
          with
          [
              T=float
          ]
C:\Users\Chawapon\source\repos\CrossRoad\CrossRoad\main.cpp(732,31): warning C4244: '=': conversion from 'int' to 'T', possible loss of data
          with
          [
              T=float
          ]
C:\Users\Chawapon\source\repos\CrossRoad\CrossRoad\main.cpp(741,31): warning C4244: '=': conversion from 'int' to 'T', possible loss of data
          with
          [
              T=float
          ]
C:\Users\Chawapon\source\repos\CrossRoad\CrossRoad\main.cpp(750,31): warning C4244: '=': conversion from 'int' to 'T', possible loss of data
          with
          [
              T=float
          ]
C:\Users\Chawapon\source\repos\CrossRoad\CrossRoad\main.cpp(759,31): warning C4244: '=': conversion from 'int' to 'T', possible loss of data
          with
          [
              T=float
          ]
C:\Users\Chawapon\source\repos\CrossRoad\CrossRoad\main.cpp(780,31): warning C4244: '=': conversion from 'int' to 'T', possible loss of data
          with
          [
              T=float
          ]
C:\Users\Chawapon\source\repos\CrossRoad\CrossRoad\main.cpp(789,31): warning C4244: '=': conversion from 'int' to 'T', possible loss of data
          with
          [
              T=float
          ]
C:\Users\Chawapon\source\repos\CrossRoad\CrossRoad\main.cpp(798,31): warning C4244: '=': conversion from 'int' to 'T', possible loss of data
          with
          [
              T=float
          ]
C:\Users\Chawapon\source\repos\CrossRoad\CrossRoad\main.cpp(807,31): warning C4244: '=': conversion from 'int' to 'T', possible loss of data
          with
          [
              T=float
          ]
C:\Users\Chawapon\source\repos\CrossRoad\CrossRoad\main.cpp(816,31): warning C4244: '=': conversion from 'int' to 'T', possible loss of data
          with
          [
              T=float
          ]
C:\Users\Chawapon\source\repos\CrossRoad\CrossRoad\main.cpp(842,28): warning C4244: '=': conversion from 'int' to 'T', possible loss of data
          with
          [
              T=float
          ]
C:\Users\Chawapon\source\repos\CrossRoad\CrossRoad\main.cpp(874,28): warning C4244: '=': conversion from 'int' to 'T', possible loss of data
          with
          [
              T=float
          ]
C:\Users\Chawapon\source\repos\CrossRoad\CrossRoad\main.cpp(1056,21): warning C4305: '=': truncation from 'double' to 'float'
C:\Users\Chawapon\source\repos\CrossRoad\CrossRoad\main.cpp(1127,60): warning C4244: 'argument': conversion from 'float' to 'T', possible loss of data
          with
          [
              T=int
          ]
C:\Users\Chawapon\source\repos\CrossRoad\CrossRoad\main.cpp(1127,48): warning C4244: 'argument': conversion from 'float' to 'T', possible loss of data
          with
          [
              T=int
          ]
C:\Users\Chawapon\source\repos\CrossRoad\CrossRoad\main.cpp(1142,66): warning C4244: 'argument': conversion from 'float' to 'T', possible loss of data
          with
          [
              T=int
          ]
C:\Users\Chawapon\source\repos\CrossRoad\CrossRoad\main.cpp(1142,58): warning C4244: 'argument': conversion from 'float' to 'T', possible loss of data
          with
          [
              T=int
          ]
C:\Users\Chawapon\source\repos\CrossRoad\CrossRoad\main.cpp(1142,44): warning C4244: 'argument': conversion from 'float' to 'T', possible loss of data
          with
          [
              T=int
          ]
C:\Users\Chawapon\source\repos\CrossRoad\CrossRoad\main.cpp(1162,76): warning C4244: 'argument': conversion from 'T' to 'T', possible loss of data
          with
          [
              T=int
          ]
          and
          [
              T=float
          ]
C:\Users\Chawapon\source\repos\CrossRoad\CrossRoad\main.cpp(1162,66): warning C4244: 'argument': conversion from 'T' to 'T', possible loss of data
          with
          [
              T=int
          ]
          and
          [
              T=float
          ]
C:\Users\Chawapon\source\repos\CrossRoad\CrossRoad\main.cpp(1520,98): warning C4244: 'argument': conversion from 'int' to 'float', possible loss of data
C:\Users\Chawapon\source\repos\CrossRoad\CrossRoad\main.cpp(1520,83): warning C4244: 'argument': conversion from 'int' to 'float', possible loss of data
C:\Users\Chawapon\source\repos\CrossRoad\CrossRoad\main.cpp(1523,31): warning C4244: 'argument': conversion from 'int' to 'float', possible loss of data
C:\Users\Chawapon\source\repos\CrossRoad\CrossRoad\main.cpp(1573,98): warning C4244: 'argument': conversion from 'int' to 'float', possible loss of data
C:\Users\Chawapon\source\repos\CrossRoad\CrossRoad\main.cpp(1573,83): warning C4244: 'argument': conversion from 'int' to 'float', possible loss of data
C:\Users\Chawapon\source\repos\CrossRoad\CrossRoad\main.cpp(1576,25): warning C4244: 'argument': conversion from 'int' to 'float', possible loss of data
C:\Users\Chawapon\source\repos\CrossRoad\CrossRoad\main.cpp(1659,19): warning C4305: '-=': truncation from 'double' to 'float'
C:\Users\Chawapon\source\repos\CrossRoad\CrossRoad\main.cpp(2031,19): warning C4305: '=': truncation from 'double' to 'float'
C:\Users\Chawapon\source\repos\CrossRoad\CrossRoad\main.cpp(2034,28): warning C4244: '=': conversion from 'int' to 'T', possible loss of data
          with
          [
              T=float
          ]
C:\Users\Chawapon\source\repos\CrossRoad\CrossRoad\main.cpp(2035,28): warning C4244: '=': conversion from 'int' to 'T', possible loss of data
          with
          [
              T=float
          ]
C:\Users\Chawapon\source\repos\CrossRoad\CrossRoad\main.cpp(2065,20): warning C4305: '+=': truncation from 'double' to 'float'
C:\Users\Chawapon\source\repos\CrossRoad\CrossRoad\main.cpp(2067,28): warning C4244: '=': conversion from 'int' to 'T', possible loss of data
          with
          [
              T=float
          ]
C:\Users\Chawapon\source\repos\CrossRoad\CrossRoad\main.cpp(2068,28): warning C4244: '=': conversion from 'int' to 'T', possible loss of data
          with
          [
              T=float
          ]
C:\Users\Chawapon\source\repos\CrossRoad\CrossRoad\main.cpp(2091,61): warning C4244: '=': conversion from 'T' to 'int', possible loss of data
          with
          [
              T=float
          ]
C:\Users\Chawapon\source\repos\CrossRoad\CrossRoad\main.cpp(2351,19): warning C4244: '=': conversion from 'int' to 'float', possible loss of data
C:\Users\Chawapon\source\repos\CrossRoad\CrossRoad\main.cpp(2363,21): warning C4244: '=': conversion from 'int' to 'float', possible loss of data
C:\Users\Chawapon\source\repos\CrossRoad\CrossRoad\main.cpp(2366): warning C4715: 'findPosCarY': not all control paths return a value
  CrossRoad.vcxproj -> C:\Users\Chawapon\source\repos\CrossRoad\x64\Debug\CrossRoad.exe
